1594216161331	mozrunner::runner	INFO	Running command: "/usr/bin/firefox" "-marionette" "-foreground" "-no-remote" "-profile" "/tmp/rust_mozprofile6RcPTA"
Gtk-Message: 09:49:21.360: Failed to load module "appmenu-gtk-module"
Gtk-Message: 09:49:22.904: Failed to load module "appmenu-gtk-module"
Gtk-Message: 09:49:23.081: Failed to load module "appmenu-gtk-module"
Gtk-Message: 09:49:24.080: Failed to load module "appmenu-gtk-module"
1594216164318	Marionette	INFO	Listening on port 41283
1594216164349	Marionette	WARN	TLS certificate errors will be ignored for this session
JavaScript error: resource://gre/modules/URIFixup.jsm, line 281: NS_ERROR_FAILURE: Should pass a non-null uri
1594216219969	mozrunner::runner	INFO	Running command: "/usr/bin/firefox" "-marionette" "-foreground" "-no-remote" "-profile" "/tmp/rust_mozprofile5dvTF5"
Gtk-Message: 09:50:19.993: Failed to load module "appmenu-gtk-module"
Gtk-Message: 09:50:21.524: Failed to load module "appmenu-gtk-module"
Gtk-Message: 09:50:21.700: Failed to load module "appmenu-gtk-module"
Gtk-Message: 09:50:22.922: Failed to load module "appmenu-gtk-module"
1594216223078	Marionette	INFO	Listening on port 37723
1594216223177	Marionette	WARN	TLS certificate errors will be ignored for this session

###!!! [Parent][RunMessage] Error: Channel closing: too late to send/recv, messages will be lost

1594216233026	Marionette	INFO	Stopped listening on port 41283
1594216233213	Marionette	INFO	Stopped listening on port 37723
1594216355898	mozrunner::runner	INFO	Running command: "/usr/bin/firefox" "-marionette" "-foreground" "-no-remote" "-profile" "/tmp/rust_mozprofilebkkvhl"
Gtk-Message: 09:52:35.921: Failed to load module "appmenu-gtk-module"
Gtk-Message: 09:52:37.402: Failed to load module "appmenu-gtk-module"
Gtk-Message: 09:52:37.572: Failed to load module "appmenu-gtk-module"
Gtk-Message: 09:52:38.648: Failed to load module "appmenu-gtk-module"
1594216358874	Marionette	INFO	Listening on port 46831
1594216358905	Marionette	WARN	TLS certificate errors will be ignored for this session
1594216362919	Marionette	WARN	TimedPromise timed out after 500 ms: stacktrace:
TimedPromise/<@chrome://marionette/content/sync.js:245:13
TimedPromise@chrome://marionette/content/sync.js:230:10
interaction.flushEventLoop@chrome://marionette/content/interaction.js:416:10
webdriverClickElement@chrome://marionette/content/interaction.js:182:31
1594216395175	Marionette	INFO	Stopped listening on port 46831
1594216399229	mozrunner::runner	INFO	Running command: "/usr/bin/firefox" "-marionette" "-foreground" "-no-remote" "-profile" "/tmp/rust_mozprofilepNtxCJ"
Gtk-Message: 09:53:19.255: Failed to load module "appmenu-gtk-module"
Gtk-Message: 09:53:20.811: Failed to load module "appmenu-gtk-module"
Gtk-Message: 09:53:20.985: Failed to load module "appmenu-gtk-module"
Gtk-Message: 09:53:22.115: Failed to load module "appmenu-gtk-module"
1594216402287	Marionette	INFO	Listening on port 44637
1594216402337	Marionette	WARN	TLS certificate errors will be ignored for this session
JavaScript error: resource://gre/modules/URIFixup.jsm, line 281: NS_ERROR_FAILURE: Should pass a non-null uri
1594216406367	Marionette	WARN	TimedPromise timed out after 500 ms: stacktrace:
TimedPromise/<@chrome://marionette/content/sync.js:245:13
TimedPromise@chrome://marionette/content/sync.js:230:10
interaction.flushEventLoop@chrome://marionette/content/interaction.js:416:10
webdriverClickElement@chrome://marionette/content/interaction.js:182:31
Gtk-Message: 09:54:06.584: Failed to load module "appmenu-gtk-module"
1594216449441	Marionette	INFO	Stopped listening on port 44637
1594216455984	mozrunner::runner	INFO	Running command: "/usr/bin/firefox" "-marionette" "-foreground" "-no-remote" "-profile" "/tmp/rust_mozprofileIeYzM9"
Gtk-Message: 09:54:16.007: Failed to load module "appmenu-gtk-module"
Gtk-Message: 09:54:17.516: Failed to load module "appmenu-gtk-module"
Gtk-Message: 09:54:17.703: Failed to load module "appmenu-gtk-module"
Gtk-Message: 09:54:18.814: Failed to load module "appmenu-gtk-module"
1594216458983	Marionette	INFO	Listening on port 42843
1594216458994	Marionette	WARN	TLS certificate errors will be ignored for this session
JavaScript error: resource://gre/modules/URIFixup.jsm, line 281: NS_ERROR_FAILURE: Should pass a non-null uri
1594216473964	Marionette	INFO	Stopped listening on port 42843
